2017-02-07 5:33:45 - PHP Warning:  unlink(/home/streetmodaopt/public_html/system/storage/cache/cache.language.1486394829): No such file or directory in /home/streetmodaopt/public_html/system/library/cache/file.php on line 17
2017-02-07 5:33:45 - PHP Warning:  session_start(): Cannot send session cookie - headers already sent by (output started at /home/streetmodaopt/public_html/index.php:99) in /home/streetmodaopt/public_html/system/library/session.php on line 21
2017-02-07 5:33:45 - PHP Warning:  session_start(): Cannot send session cache limiter - headers already sent (output started at /home/streetmodaopt/public_html/index.php:99) in /home/streetmodaopt/public_html/system/library/session.php on line 21
2017-02-07 5:33:45 - PHP Warning:  Cannot modify header information - headers already sent by (output started at /home/streetmodaopt/public_html/index.php:99) in /home/streetmodaopt/public_html/index.php on line 186
2017-02-07 5:33:45 - PHP Warning:  Cannot modify header information - headers already sent by (output started at /home/streetmodaopt/public_html/index.php:99) in /home/streetmodaopt/public_html/system/library/currency.php on line 45
2017-02-07 5:33:46 - PHP Warning:  unlink(/home/streetmodaopt/public_html/system/storage/cache/cache.category.seopath.1486449226): No such file or directory in /home/streetmodaopt/public_html/system/library/cache/file.php on line 68
2017-02-07 13:28:31 - PHP Warning:  unlink(/home/streetmodaopt/public_html/system/storage/cache/cache.category.seopath.1486461298): No such file or directory in /home/streetmodaopt/public_html/system/library/cache/file.php on line 17
2017-02-07 13:28:31 - PHP Warning:  unlink(/home/streetmodaopt/public_html/system/storage/cache/cache.language.1486461298): No such file or directory in /home/streetmodaopt/public_html/system/library/cache/file.php on line 17
2017-02-07 13:28:31 - PHP Warning:  session_start(): Cannot send session cookie - headers already sent by (output started at /home/streetmodaopt/public_html/index.php:99) in /home/streetmodaopt/public_html/system/library/session.php on line 21
2017-02-07 13:28:31 - PHP Warning:  session_start(): Cannot send session cookie - headers already sent by (output started at /home/streetmodaopt/public_html/index.php:99) in /home/streetmodaopt/public_html/system/library/session.php on line 21
2017-02-07 13:28:31 - PHP Warning:  session_start(): Cannot send session cache limiter - headers already sent (output started at /home/streetmodaopt/public_html/index.php:99) in /home/streetmodaopt/public_html/system/library/session.php on line 21
2017-02-07 13:28:31 - PHP Warning:  session_start(): Cannot send session cache limiter - headers already sent (output started at /home/streetmodaopt/public_html/index.php:99) in /home/streetmodaopt/public_html/system/library/session.php on line 21
2017-02-07 13:28:31 - PHP Warning:  Cannot modify header information - headers already sent by (output started at /home/streetmodaopt/public_html/index.php:99) in /home/streetmodaopt/public_html/index.php on line 186
2017-02-07 13:28:31 - PHP Warning:  Cannot modify header information - headers already sent by (output started at /home/streetmodaopt/public_html/index.php:99) in /home/streetmodaopt/public_html/index.php on line 186
2017-02-07 13:28:31 - PHP Warning:  Cannot modify header information - headers already sent by (output started at /home/streetmodaopt/public_html/index.php:99) in /home/streetmodaopt/public_html/system/library/currency.php on line 45
2017-02-07 13:28:31 - PHP Warning:  Cannot modify header information - headers already sent by (output started at /home/streetmodaopt/public_html/index.php:99) in /home/streetmodaopt/public_html/system/library/currency.php on line 45
2017-02-27 16:18:33 - PHP Notice:  Undefined variable: req in /home/streetmodaopt/public_html/catalog/controller/product/category.php on line 279
2017-02-27 16:19:22 - PHP Notice:  Undefined variable: req in /home/streetmodaopt/public_html/catalog/controller/product/category.php on line 279
2017-02-27 16:23:25 - PHP Notice:  Undefined variable: req in /home/streetmodaopt/public_html/catalog/controller/product/category.php on line 279
2017-02-27 16:23:30 - PHP Notice:  Undefined variable: req in /home/streetmodaopt/public_html/catalog/controller/product/category.php on line 279
2017-02-27 16:23:36 - PHP Notice:  Undefined variable: req in /home/streetmodaopt/public_html/catalog/controller/product/category.php on line 279
2017-02-27 16:23:50 - PHP Notice:  Undefined variable: req in /home/streetmodaopt/public_html/catalog/controller/product/category.php on line 279
2017-02-28 11:18:42 - PHP Notice:  Undefined variable: req in /home/streetmodaopt/public_html/catalog/controller/product/category.php on line 279
2017-02-28 11:18:49 - PHP Notice:  Undefined variable: req in /home/streetmodaopt/public_html/catalog/controller/product/category.php on line 279
2017-02-28 11:18:49 - PHP Notice:  Undefined variable: req in /home/streetmodaopt/public_html/catalog/controller/product/category.php on line 279
2017-02-28 11:18:53 - PHP Notice:  Undefined variable: req in /home/streetmodaopt/public_html/catalog/controller/product/category.php on line 279
2017-02-28 11:20:31 - PHP Notice:  Undefined variable: req in /home/streetmodaopt/public_html/catalog/controller/product/category.php on line 279
2017-02-28 11:20:34 - PHP Notice:  Undefined variable: req in /home/streetmodaopt/public_html/catalog/controller/product/category.php on line 279
2017-02-28 11:23:48 - PHP Notice:  Undefined variable: req in /home/streetmodaopt/public_html/catalog/controller/product/category.php on line 279
2017-02-28 11:23:57 - PHP Notice:  Undefined variable: req in /home/streetmodaopt/public_html/catalog/controller/product/category.php on line 279
2017-02-28 11:26:52 - PHP Notice:  Undefined variable: req in /home/streetmodaopt/public_html/catalog/controller/product/category.php on line 281
2017-02-28 11:26:53 - PHP Notice:  Undefined variable: req in /home/streetmodaopt/public_html/catalog/controller/product/category.php on line 281
2017-02-28 11:27:11 - PHP Notice:  Undefined variable: req in /home/streetmodaopt/public_html/catalog/controller/product/category.php on line 281
2017-02-28 11:27:11 - PHP Notice:  Undefined variable: req in /home/streetmodaopt/public_html/catalog/controller/product/category.php on line 281
2017-02-28 11:27:11 - PHP Notice:  Undefined variable: req in /home/streetmodaopt/public_html/catalog/controller/product/category.php on line 281
2017-02-28 11:27:34 - PHP Notice:  Undefined variable: req in /home/streetmodaopt/public_html/catalog/controller/product/category.php on line 279
2017-02-28 11:28:59 - PHP Notice:  Undefined variable: req in /home/streetmodaopt/public_html/catalog/controller/product/category.php on line 279
2017-02-28 11:29:08 - PHP Notice:  Undefined variable: req in /home/streetmodaopt/public_html/catalog/controller/product/category.php on line 279
2017-02-28 11:29:27 - PHP Notice:  Undefined variable: req in /home/streetmodaopt/public_html/catalog/controller/product/category.php on line 279
2017-02-28 11:31:24 - PHP Notice:  Undefined variable: req in /home/streetmodaopt/public_html/catalog/controller/product/category.php on line 283
2017-02-28 11:31:42 - PHP Notice:  Undefined variable: req in /home/streetmodaopt/public_html/catalog/controller/product/category.php on line 283
2017-02-28 11:32:07 - PHP Notice:  Undefined variable: req in /home/streetmodaopt/public_html/catalog/controller/product/category.php on line 283
2017-02-28 11:32:58 - PHP Notice:  Undefined variable: req in /home/streetmodaopt/public_html/catalog/controller/product/category.php on line 284
2017-02-28 11:33:47 - PHP Notice:  Undefined variable: req in /home/streetmodaopt/public_html/catalog/controller/product/category.php on line 279
2017-02-28 11:36:22 - PHP Notice:  Undefined variable: req in /home/streetmodaopt/public_html/catalog/controller/product/category.php on line 267
2017-02-28 11:36:22 - PHP Notice:  Undefined variable: req in /home/streetmodaopt/public_html/catalog/controller/product/category.php on line 283
2017-02-28 11:36:22 - PHP Notice:  Undefined variable: req in /home/streetmodaopt/public_html/catalog/controller/product/category.php on line 267
2017-02-28 11:36:22 - PHP Notice:  Undefined variable: req in /home/streetmodaopt/public_html/catalog/controller/product/category.php on line 283
2017-02-28 11:36:22 - PHP Notice:  Undefined variable: req in /home/streetmodaopt/public_html/catalog/controller/product/category.php on line 267
2017-02-28 11:36:22 - PHP Notice:  Undefined variable: req in /home/streetmodaopt/public_html/catalog/controller/product/category.php on line 283
2017-02-28 11:36:25 - PHP Notice:  Undefined variable: req in /home/streetmodaopt/public_html/catalog/controller/product/category.php on line 267
2017-02-28 11:36:25 - PHP Notice:  Undefined variable: req in /home/streetmodaopt/public_html/catalog/controller/product/category.php on line 283
2017-02-28 11:36:25 - PHP Notice:  Undefined variable: req in /home/streetmodaopt/public_html/catalog/controller/product/category.php on line 267
2017-02-28 11:36:25 - PHP Notice:  Undefined variable: req in /home/streetmodaopt/public_html/catalog/controller/product/category.php on line 283
2017-02-28 11:36:25 - PHP Notice:  Undefined variable: req in /home/streetmodaopt/public_html/catalog/controller/product/category.php on line 267
2017-02-28 11:36:25 - PHP Notice:  Undefined variable: req in /home/streetmodaopt/public_html/catalog/controller/product/category.php on line 283
2017-02-28 11:37:15 - PHP Notice:  Undefined variable: req in /home/streetmodaopt/public_html/catalog/controller/product/category.php on line 269
2017-02-28 11:37:15 - PHP Notice:  Undefined variable: req in /home/streetmodaopt/public_html/catalog/controller/product/category.php on line 285
2017-02-28 11:37:22 - PHP Notice:  Undefined variable: req in /home/streetmodaopt/public_html/catalog/controller/product/category.php on line 269
2017-02-28 11:37:22 - PHP Notice:  Undefined variable: req in /home/streetmodaopt/public_html/catalog/controller/product/category.php on line 285
2017-02-28 11:40:12 - PHP Notice:  Undefined index: req in /home/streetmodaopt/public_html/catalog/view/theme/streetmoda/template/product/category.tpl on line 84
2017-02-28 11:40:48 - PHP Notice:  Undefined variable: req in /home/streetmodaopt/public_html/catalog/controller/product/category.php on line 277
2017-02-28 11:40:52 - PHP Notice:  Undefined variable: req in /home/streetmodaopt/public_html/catalog/controller/product/category.php on line 277
2017-02-28 11:44:01 - PHP Notice:  Undefined variable: req in /home/streetmodaopt/public_html/catalog/controller/product/category.php on line 283
2017-02-28 11:54:43 - PHP Warning:  array_search() expects parameter 2 to be array, boolean given in /home/streetmodaopt/public_html/catalog/view/theme/streetmoda/template/product/category.tpl on line 86
2017-02-28 11:54:43 - PHP Warning:  array_search() expects parameter 2 to be array, boolean given in /home/streetmodaopt/public_html/catalog/view/theme/streetmoda/template/product/category.tpl on line 86
2017-02-28 11:59:35 - PHP Notice:  Undefined variable: image in /home/streetmodaopt/public_html/catalog/view/theme/streetmoda/template/product/product.tpl on line 29
2017-02-28 11:59:35 - PHP Notice:  Undefined variable: image in /home/streetmodaopt/public_html/catalog/view/theme/streetmoda/template/product/product.tpl on line 29
2017-02-28 11:59:40 - PHP Notice:  Undefined variable: image in /home/streetmodaopt/public_html/catalog/view/theme/streetmoda/template/product/product.tpl on line 29
2017-02-28 11:59:40 - PHP Notice:  Undefined variable: image in /home/streetmodaopt/public_html/catalog/view/theme/streetmoda/template/product/product.tpl on line 29
2017-02-28 11:59:55 - PHP Notice:  Undefined variable: image in /home/streetmodaopt/public_html/catalog/view/theme/streetmoda/template/product/product.tpl on line 29
2017-02-28 11:59:55 - PHP Notice:  Undefined variable: image in /home/streetmodaopt/public_html/catalog/view/theme/streetmoda/template/product/product.tpl on line 29
2017-02-28 12:00:28 - PHP Notice:  Undefined variable: image in /home/streetmodaopt/public_html/catalog/view/theme/streetmoda/template/product/product.tpl on line 28
2017-02-28 12:00:28 - PHP Notice:  Undefined variable: image in /home/streetmodaopt/public_html/catalog/view/theme/streetmoda/template/product/product.tpl on line 28
2017-02-28 12:00:34 - PHP Notice:  Undefined variable: image in /home/streetmodaopt/public_html/catalog/view/theme/streetmoda/template/product/product.tpl on line 28
2017-02-28 12:00:34 - PHP Notice:  Undefined variable: image in /home/streetmodaopt/public_html/catalog/view/theme/streetmoda/template/product/product.tpl on line 28
2017-02-28 12:02:01 - PHP Warning:  array_search() expects parameter 2 to be array, boolean given in /home/streetmodaopt/public_html/catalog/view/theme/streetmoda/template/product/category.tpl on line 86
2017-02-28 12:02:01 - PHP Warning:  array_search() expects parameter 2 to be array, boolean given in /home/streetmodaopt/public_html/catalog/view/theme/streetmoda/template/product/category.tpl on line 86
2017-02-28 12:35:36 - PHP Notice:  Undefined variable: current_language in /home/streetmodaopt/public_html/admin/view/template/module/imagemanager.tpl on line 33
2017-02-28 12:35:36 - PHP Notice:  Undefined variable: current_language in /home/streetmodaopt/public_html/admin/view/template/module/imagemanager.tpl on line 33
2017-02-28 12:35:36 - PHP Notice:  Undefined variable: current_language in /home/streetmodaopt/public_html/admin/view/template/module/imagemanager.tpl on line 33
2017-02-28 12:35:36 - PHP Notice:  Undefined variable: current_language in /home/streetmodaopt/public_html/admin/view/template/module/imagemanager.tpl on line 33
2017-02-28 12:35:36 - PHP Notice:  Undefined variable: current_language in /home/streetmodaopt/public_html/admin/view/template/module/imagemanager.tpl on line 33
2017-02-28 12:35:36 - PHP Notice:  Undefined variable: current_language in /home/streetmodaopt/public_html/admin/view/template/module/imagemanager.tpl on line 33
2017-02-28 12:35:36 - PHP Notice:  Undefined variable: current_language in /home/streetmodaopt/public_html/admin/view/template/module/imagemanager.tpl on line 33
2017-02-28 12:35:36 - PHP Notice:  Undefined variable: current_language in /home/streetmodaopt/public_html/admin/view/template/module/imagemanager.tpl on line 33
2017-02-28 12:35:36 - PHP Notice:  Undefined variable: current_language in /home/streetmodaopt/public_html/admin/view/template/module/imagemanager.tpl on line 33
2017-02-28 12:35:36 - PHP Notice:  Undefined variable: current_language in /home/streetmodaopt/public_html/admin/view/template/module/imagemanager.tpl on line 33
2017-02-28 12:35:36 - PHP Notice:  Undefined variable: current_language in /home/streetmodaopt/public_html/admin/view/template/module/imagemanager.tpl on line 33
2017-02-28 12:35:36 - PHP Notice:  Undefined variable: current_language in /home/streetmodaopt/public_html/admin/view/template/module/imagemanager.tpl on line 33
2017-02-28 12:35:36 - PHP Notice:  Undefined variable: current_language in /home/streetmodaopt/public_html/admin/view/template/module/imagemanager.tpl on line 33
2017-02-28 12:35:36 - PHP Notice:  Undefined variable: current_language in /home/streetmodaopt/public_html/admin/view/template/module/imagemanager.tpl on line 33
2017-02-28 12:35:36 - PHP Notice:  Undefined variable: current_language in /home/streetmodaopt/public_html/admin/view/template/module/imagemanager.tpl on line 33
2017-02-28 12:35:36 - PHP Notice:  Undefined variable: current_language in /home/streetmodaopt/public_html/admin/view/template/module/imagemanager.tpl on line 33
2017-02-28 12:35:36 - PHP Notice:  Undefined variable: current_language in /home/streetmodaopt/public_html/admin/view/template/module/imagemanager.tpl on line 33
2017-02-28 12:35:36 - PHP Notice:  Undefined variable: current_language in /home/streetmodaopt/public_html/admin/view/template/module/imagemanager.tpl on line 33
2017-02-28 12:35:36 - PHP Notice:  Undefined variable: current_language in /home/streetmodaopt/public_html/admin/view/template/module/imagemanager.tpl on line 33
2017-02-28 12:35:36 - PHP Notice:  Undefined variable: current_language in /home/streetmodaopt/public_html/admin/view/template/module/imagemanager.tpl on line 33
2017-02-28 12:35:36 - PHP Notice:  Undefined variable: current_language in /home/streetmodaopt/public_html/admin/view/template/module/imagemanager.tpl on line 33
2017-02-28 12:35:36 - PHP Notice:  Undefined variable: current_language in /home/streetmodaopt/public_html/admin/view/template/module/imagemanager.tpl on line 33
2017-02-28 12:35:36 - PHP Notice:  Undefined variable: current_language in /home/streetmodaopt/public_html/admin/view/template/module/imagemanager.tpl on line 33
2017-02-28 12:35:36 - PHP Notice:  Undefined variable: current_language in /home/streetmodaopt/public_html/admin/view/template/module/imagemanager.tpl on line 33
2017-02-28 12:35:36 - PHP Notice:  Undefined variable: current_language in /home/streetmodaopt/public_html/admin/view/template/module/imagemanager.tpl on line 33
2017-02-28 12:35:36 - PHP Notice:  Undefined variable: current_language in /home/streetmodaopt/public_html/admin/view/template/module/imagemanager.tpl on line 33
2017-02-28 12:35:36 - PHP Notice:  Undefined variable: current_language in /home/streetmodaopt/public_html/admin/view/template/module/imagemanager.tpl on line 33
2017-02-28 12:35:36 - PHP Notice:  Undefined variable: current_language in /home/streetmodaopt/public_html/admin/view/template/module/imagemanager.tpl on line 33
2017-02-28 12:35:36 - PHP Notice:  Undefined variable: current_language in /home/streetmodaopt/public_html/admin/view/template/module/imagemanager.tpl on line 33
2017-03-27 13:46:10 - PHP Warning:  array_search() expects parameter 2 to be array, boolean given in /home/streetmodaopt/public_html/catalog/view/theme/streetmoda/template/product/category.tpl on line 86
2017-03-27 13:46:10 - PHP Warning:  array_search() expects parameter 2 to be array, boolean given in /home/streetmodaopt/public_html/catalog/view/theme/streetmoda/template/product/category.tpl on line 86
2017-03-27 13:47:42 - PHP Warning:  array_search() expects parameter 2 to be array, boolean given in /home/streetmodaopt/public_html/catalog/view/theme/streetmoda/template/product/category.tpl on line 86
2017-03-27 13:47:42 - PHP Warning:  array_search() expects parameter 2 to be array, boolean given in /home/streetmodaopt/public_html/catalog/view/theme/streetmoda/template/product/category.tpl on line 86
2017-03-31 3:25:47 - PHP Warning:  unlink(/home/streetmodaopt/public_html/system/storage/cache/cache.category.seopath.1490878447): No such file or directory in /home/streetmodaopt/public_html/system/library/cache/file.php on line 17
2017-03-31 3:25:47 - PHP Warning:  session_start(): Cannot send session cookie - headers already sent by (output started at /home/streetmodaopt/public_html/index.php:99) in /home/streetmodaopt/public_html/system/library/session.php on line 21
2017-03-31 3:25:47 - PHP Warning:  session_start(): Cannot send session cache limiter - headers already sent (output started at /home/streetmodaopt/public_html/index.php:99) in /home/streetmodaopt/public_html/system/library/session.php on line 21
2017-03-31 3:25:47 - PHP Warning:  Cannot modify header information - headers already sent by (output started at /home/streetmodaopt/public_html/index.php:99) in /home/streetmodaopt/public_html/index.php on line 186
2017-03-31 3:25:47 - PHP Warning:  Cannot modify header information - headers already sent by (output started at /home/streetmodaopt/public_html/index.php:99) in /home/streetmodaopt/public_html/system/library/currency.php on line 45
2017-04-06 16:27:35 - PHP Warning:  session_start(): open(/tmp/sess_o4bb6p67nss2643tp71eb5vfq0, O_RDWR) failed: No such file or directory (2) in /var/www/vhosts/3331141.xeovo.ml/public_html/streetmoda/system/library/session.php on line 21
2017-06-19 7:47:32 - PHP Notice:  Undefined index: token in /var/www/vhosts/3331141.xeovo.ml/public_html/streetmoda/admin/controller/error/not_found.php on line 16
2017-06-19 7:47:32 - PHP Notice:  Undefined index: token in /var/www/vhosts/3331141.xeovo.ml/public_html/streetmoda/admin/controller/error/not_found.php on line 21
2017-06-19 7:47:36 - PHP Notice:  Undefined index: token in /var/www/vhosts/3331141.xeovo.ml/public_html/streetmoda/admin/controller/error/not_found.php on line 16
2017-06-19 7:47:36 - PHP Notice:  Undefined index: token in /var/www/vhosts/3331141.xeovo.ml/public_html/streetmoda/admin/controller/error/not_found.php on line 21
2017-07-08 1:47:27 - PHP Warning:  unlink(/var/www/vhosts/3331141.xeovo.ml/public_html/streetmoda/system/storage/cache/cache.language.1499464037): No such file or directory in /var/www/vhosts/3331141.xeovo.ml/public_html/streetmoda/system/library/cache/file.php on line 17
2017-07-09 17:45:22 - PHP Warning:  unlink(/var/www/vhosts/3331141.xeovo.ml/public_html/streetmoda/system/storage/cache/cache.category.seopath.1499618255): No such file or directory in /var/www/vhosts/3331141.xeovo.ml/public_html/streetmoda/system/library/cache/file.php on line 17
2017-07-09 17:45:22 - PHP Warning:  unlink(/var/www/vhosts/3331141.xeovo.ml/public_html/streetmoda/system/storage/cache/cache.language.1499618256): No such file or directory in /var/www/vhosts/3331141.xeovo.ml/public_html/streetmoda/system/library/cache/file.php on line 17
2017-07-09 17:45:23 - PHP Warning:  unlink(/var/www/vhosts/3331141.xeovo.ml/public_html/streetmoda/system/storage/cache/cache.category.seopath.1499625923): No such file or directory in /var/www/vhosts/3331141.xeovo.ml/public_html/streetmoda/system/library/cache/file.php on line 68
2017-07-10 18:45:55 - PHP Warning:  unlink(/var/www/vhosts/3331141.xeovo.ml/public_html/streetmoda/system/storage/cache/cache.seo_pro.1499702819): No such file or directory in /var/www/vhosts/3331141.xeovo.ml/public_html/streetmoda/system/library/cache/file.php on line 17
2017-07-11 14:46:08 - PHP Warning:  unlink(/var/www/vhosts/3331141.xeovo.ml/public_html/streetmoda/system/storage/cache/cache.category.seopath.1499769969): No such file or directory in /var/www/vhosts/3331141.xeovo.ml/public_html/streetmoda/system/library/cache/file.php on line 17
2017-07-11 14:46:10 - PHP Warning:  unlink(/var/www/vhosts/3331141.xeovo.ml/public_html/streetmoda/system/storage/cache/cache.category.seopath.1499787970): No such file or directory in /var/www/vhosts/3331141.xeovo.ml/public_html/streetmoda/system/library/cache/file.php on line 68
2017-07-21 7:24:49 - PHP Notice:  Undefined index: g-recaptcha-response in /var/www/vhosts/3331141.xeovo.ml/public_html/streetmoda/catalog/controller/captcha/google_captcha.php on line 32
2017-07-21 11:54:40 - PHP Notice:  Undefined index: g-recaptcha-response in /var/www/vhosts/3331141.xeovo.ml/public_html/streetmoda/catalog/controller/captcha/google_captcha.php on line 32
2017-07-22 11:11:04 - PHP Notice:  Undefined index: g-recaptcha-response in /var/www/vhosts/3331141.xeovo.ml/public_html/streetmoda/catalog/controller/captcha/google_captcha.php on line 32
2017-07-24 16:06:34 - PHP Notice:  Undefined index: g-recaptcha-response in /var/www/vhosts/3331141.xeovo.ml/public_html/streetmoda/catalog/controller/captcha/google_captcha.php on line 32
2017-07-25 17:55:19 - PHP Notice:  Undefined index: g-recaptcha-response in /var/www/vhosts/3331141.xeovo.ml/public_html/streetmoda/catalog/controller/captcha/google_captcha.php on line 32
2017-08-01 8:58:41 - PHP Notice:  Undefined index: g-recaptcha-response in /var/www/vhosts/3331141.xeovo.ml/public_html/streetmoda/catalog/controller/captcha/google_captcha.php on line 32
2017-08-01 10:21:10 - PHP Notice:  Undefined index: g-recaptcha-response in /var/www/vhosts/3331141.xeovo.ml/public_html/streetmoda/catalog/controller/captcha/google_captcha.php on line 32
2017-08-01 13:25:08 - PHP Notice:  Undefined index: g-recaptcha-response in /var/www/vhosts/3331141.xeovo.ml/public_html/streetmoda/catalog/controller/captcha/google_captcha.php on line 32
2017-08-01 14:28:50 - PHP Notice:  Undefined index: g-recaptcha-response in /var/www/vhosts/3331141.xeovo.ml/public_html/streetmoda/catalog/controller/captcha/google_captcha.php on line 32
2017-08-02 6:45:25 - PHP Notice:  Undefined index: g-recaptcha-response in /var/www/vhosts/3331141.xeovo.ml/public_html/streetmoda/catalog/controller/captcha/google_captcha.php on line 32
2017-08-02 6:52:40 - PHP Notice:  Undefined index: g-recaptcha-response in /var/www/vhosts/3331141.xeovo.ml/public_html/streetmoda/catalog/controller/captcha/google_captcha.php on line 32
2017-08-02 6:55:22 - PHP Notice:  Undefined index: g-recaptcha-response in /var/www/vhosts/3331141.xeovo.ml/public_html/streetmoda/catalog/controller/captcha/google_captcha.php on line 32
2017-08-04 10:53:08 - PHP Notice:  Undefined index: g-recaptcha-response in /var/www/u0381560/public_html/streetmoda/catalog/controller/captcha/google_captcha.php on line 32
2017-08-04 12:31:37 - PHP Notice:  Undefined index: g-recaptcha-response in /var/www/u0381560/public_html/streetmoda/catalog/controller/captcha/google_captcha.php on line 32
2017-08-04 21:20:05 - PHP Notice:  Undefined index: g-recaptcha-response in /var/www/u0381560/public_html/streetmoda/catalog/controller/captcha/google_captcha.php on line 32
2017-08-08 16:58:17 - PHP Notice:  Undefined index: g-recaptcha-response in /var/www/u0381560/public_html/streetmoda/catalog/controller/captcha/google_captcha.php on line 32
2017-08-09 5:22:12 - PHP Notice:  Undefined index: g-recaptcha-response in /var/www/u0381560/public_html/streetmoda/catalog/controller/captcha/google_captcha.php on line 32
2017-08-09 9:13:00 - PHP Notice:  Undefined index: g-recaptcha-response in /var/www/u0381560/public_html/streetmoda/catalog/controller/captcha/google_captcha.php on line 32
2017-08-09 11:08:48 - PHP Notice:  Undefined index: g-recaptcha-response in /var/www/u0381560/public_html/streetmoda/catalog/controller/captcha/google_captcha.php on line 32
2017-08-09 12:04:22 - PHP Notice:  Undefined index: g-recaptcha-response in /var/www/u0381560/public_html/streetmoda/catalog/controller/captcha/google_captcha.php on line 32
2017-08-10 9:32:39 - PHP Notice:  Undefined index: g-recaptcha-response in /var/www/u0381560/public_html/streetmoda/catalog/controller/captcha/google_captcha.php on line 32
2017-08-10 18:37:21 - PHP Notice:  Undefined index: g-recaptcha-response in /var/www/u0381560/public_html/streetmoda/catalog/controller/captcha/google_captcha.php on line 32
2017-08-11 8:03:04 - PHP Notice:  Undefined index: g-recaptcha-response in /var/www/u0381560/public_html/streetmoda/catalog/controller/captcha/google_captcha.php on line 32
2017-08-11 9:24:26 - PHP Notice:  Undefined index: g-recaptcha-response in /var/www/u0381560/public_html/streetmoda/catalog/controller/captcha/google_captcha.php on line 32
2017-08-11 12:07:32 - PHP Notice:  Undefined index: g-recaptcha-response in /var/www/u0381560/public_html/streetmoda/catalog/controller/captcha/google_captcha.php on line 32
2017-08-12 5:28:08 - PHP Notice:  Undefined index: g-recaptcha-response in /var/www/u0381560/public_html/streetmoda/catalog/controller/captcha/google_captcha.php on line 32
2017-08-15 7:01:05 - PHP Notice:  Undefined index: g-recaptcha-response in /var/www/u0381560/public_html/streetmoda/catalog/controller/captcha/google_captcha.php on line 32
2017-08-15 12:22:35 - PHP Notice:  Undefined index: g-recaptcha-response in /var/www/u0381560/public_html/streetmoda/catalog/controller/captcha/google_captcha.php on line 32
2017-08-15 14:25:31 - PHP Notice:  Undefined index: g-recaptcha-response in /var/www/u0381560/public_html/streetmoda/catalog/controller/captcha/google_captcha.php on line 32
2017-08-16 7:09:36 - PHP Notice:  Undefined index: g-recaptcha-response in /var/www/u0381560/public_html/streetmoda/catalog/controller/captcha/google_captcha.php on line 32
2017-08-16 9:12:33 - PHP Notice:  Undefined index: g-recaptcha-response in /var/www/u0381560/public_html/streetmoda/catalog/controller/captcha/google_captcha.php on line 32
2017-08-16 14:56:01 - PHP Notice:  Undefined index: g-recaptcha-response in /var/www/u0381560/public_html/streetmoda/catalog/controller/captcha/google_captcha.php on line 32
2017-08-17 19:10:20 - PHP Notice:  Undefined index: g-recaptcha-response in /var/www/u0381560/public_html/streetmoda/catalog/controller/captcha/google_captcha.php on line 32
2017-08-18 8:05:11 - PHP Notice:  Undefined index: g-recaptcha-response in /var/www/u0381560/public_html/streetmoda/catalog/controller/captcha/google_captcha.php on line 32
2017-08-18 9:30:50 - PHP Notice:  Undefined index: g-recaptcha-response in /var/www/u0381560/public_html/streetmoda/catalog/controller/captcha/google_captcha.php on line 32
2017-08-18 19:02:44 - PHP Notice:  Undefined index: g-recaptcha-response in /var/www/u0381560/public_html/streetmoda/catalog/controller/captcha/google_captcha.php on line 32
2017-08-19 6:28:29 - PHP Notice:  Undefined index: g-recaptcha-response in /var/www/u0381560/public_html/streetmoda/catalog/controller/captcha/google_captcha.php on line 32
2017-08-19 6:41:16 - PHP Notice:  Undefined index: g-recaptcha-response in /var/www/u0381560/public_html/streetmoda/catalog/controller/captcha/google_captcha.php on line 32
2017-08-20 5:33:26 - PHP Notice:  Undefined index: g-recaptcha-response in /var/www/u0381560/public_html/streetmoda/catalog/controller/captcha/google_captcha.php on line 32
2017-08-20 7:26:34 - PHP Notice:  Undefined index: g-recaptcha-response in /var/www/u0381560/public_html/streetmoda/catalog/controller/captcha/google_captcha.php on line 32
2017-08-20 18:29:23 - PHP Notice:  Undefined index: g-recaptcha-response in /var/www/u0381560/public_html/streetmoda/catalog/controller/captcha/google_captcha.php on line 32
2017-08-21 6:37:59 - PHP Notice:  Undefined index: g-recaptcha-response in /var/www/u0381560/public_html/streetmoda/catalog/controller/captcha/google_captcha.php on line 32
2017-08-21 9:03:31 - PHP Notice:  Undefined index: g-recaptcha-response in /var/www/u0381560/public_html/streetmoda/catalog/controller/captcha/google_captcha.php on line 32
2017-08-21 12:10:55 - PHP Notice:  Undefined index: g-recaptcha-response in /var/www/u0381560/public_html/streetmoda/catalog/controller/captcha/google_captcha.php on line 32
2017-08-21 14:44:30 - PHP Notice:  Undefined index: g-recaptcha-response in /var/www/u0381560/public_html/streetmoda/catalog/controller/captcha/google_captcha.php on line 32
2017-08-22 6:29:17 - PHP Notice:  Undefined index: g-recaptcha-response in /var/www/u0381560/public_html/streetmoda/catalog/controller/captcha/google_captcha.php on line 32
2017-08-22 12:22:42 - PHP Notice:  Undefined index: g-recaptcha-response in /var/www/u0381560/public_html/streetmoda/catalog/controller/captcha/google_captcha.php on line 32
2017-08-23 6:56:14 - PHP Notice:  Undefined index: g-recaptcha-response in /var/www/u0381560/public_html/streetmoda/catalog/controller/captcha/google_captcha.php on line 32
2017-08-24 3:28:46 - PHP Notice:  Undefined index: g-recaptcha-response in /var/www/u0381560/public_html/streetmoda/catalog/controller/captcha/google_captcha.php on line 32
2017-08-24 6:42:20 - PHP Notice:  Undefined index: g-recaptcha-response in /var/www/u0381560/public_html/streetmoda/catalog/controller/captcha/google_captcha.php on line 32
2017-08-24 12:16:14 - PHP Notice:  Undefined index: g-recaptcha-response in /var/www/u0381560/public_html/streetmoda/catalog/controller/captcha/google_captcha.php on line 32
2017-08-25 5:50:00 - PHP Notice:  Undefined index: g-recaptcha-response in /var/www/u0381560/public_html/streetmoda/catalog/controller/captcha/google_captcha.php on line 32
2017-08-25 9:01:06 - PHP Notice:  Undefined index: g-recaptcha-response in /var/www/u0381560/public_html/streetmoda/catalog/controller/captcha/google_captcha.php on line 32
2017-08-25 9:02:18 - PHP Notice:  Undefined index: g-recaptcha-response in /var/www/u0381560/public_html/streetmoda/catalog/controller/captcha/google_captcha.php on line 32
2017-08-25 9:02:25 - PHP Notice:  Undefined index: g-recaptcha-response in /var/www/u0381560/public_html/streetmoda/catalog/controller/captcha/google_captcha.php on line 32
2017-08-25 11:50:21 - PHP Notice:  Undefined index: g-recaptcha-response in /var/www/u0381560/public_html/streetmoda/catalog/controller/captcha/google_captcha.php on line 32
2017-08-28 6:31:35 - PHP Notice:  Undefined index: g-recaptcha-response in /var/www/u0381560/public_html/streetmoda/catalog/controller/captcha/google_captcha.php on line 32
2017-08-28 12:39:44 - PHP Notice:  Undefined index: g-recaptcha-response in /var/www/u0381560/public_html/streetmoda/catalog/controller/captcha/google_captcha.php on line 32
2017-08-28 14:33:17 - PHP Notice:  Undefined index: g-recaptcha-response in /var/www/u0381560/public_html/streetmoda/catalog/controller/captcha/google_captcha.php on line 32
2017-08-29 6:26:43 - PHP Notice:  Undefined index: g-recaptcha-response in /var/www/u0381560/public_html/streetmoda/catalog/controller/captcha/google_captcha.php on line 32
2017-08-29 7:53:49 - PHP Notice:  Undefined index: g-recaptcha-response in /var/www/u0381560/public_html/streetmoda/catalog/controller/captcha/google_captcha.php on line 32
2017-08-30 13:14:18 - PHP Notice:  Undefined index: g-recaptcha-response in /var/www/u0381560/public_html/streetmoda/catalog/controller/captcha/google_captcha.php on line 32
2017-09-01 17:28:30 - PHP Notice:  Undefined index: g-recaptcha-response in /var/www/u0381560/public_html/streetmoda/catalog/controller/captcha/google_captcha.php on line 32
2017-09-02 5:52:02 - PHP Notice:  Undefined index: g-recaptcha-response in /var/www/u0381560/public_html/streetmoda/catalog/controller/captcha/google_captcha.php on line 32
2017-09-02 10:16:09 - PHP Notice:  Undefined index: g-recaptcha-response in /var/www/u0381560/public_html/streetmoda/catalog/controller/captcha/google_captcha.php on line 32
2017-09-02 15:26:05 - PHP Notice:  Undefined index: g-recaptcha-response in /var/www/u0381560/public_html/streetmoda/catalog/controller/captcha/google_captcha.php on line 32
2017-09-03 1:26:18 - PHP Notice:  Undefined index: g-recaptcha-response in /var/www/u0381560/public_html/streetmoda/catalog/controller/captcha/google_captcha.php on line 32
2017-09-03 10:31:29 - PHP Notice:  Undefined index: g-recaptcha-response in /var/www/u0381560/public_html/streetmoda/catalog/controller/captcha/google_captcha.php on line 32
2017-09-03 15:50:21 - PHP Notice:  Undefined index: g-recaptcha-response in /var/www/u0381560/public_html/streetmoda/catalog/controller/captcha/google_captcha.php on line 32
2017-09-04 7:21:34 - PHP Notice:  Undefined index: g-recaptcha-response in /var/www/u0381560/public_html/streetmoda/catalog/controller/captcha/google_captcha.php on line 32
2017-09-04 8:41:05 - PHP Notice:  Undefined index: g-recaptcha-response in /var/www/u0381560/public_html/streetmoda/catalog/controller/captcha/google_captcha.php on line 32
2017-09-04 13:23:42 - PHP Notice:  Undefined index: g-recaptcha-response in /var/www/u0381560/public_html/streetmoda/catalog/controller/captcha/google_captcha.php on line 32
2017-09-04 14:25:20 - PHP Notice:  Undefined index: g-recaptcha-response in /var/www/u0381560/public_html/streetmoda/catalog/controller/captcha/google_captcha.php on line 32
2017-09-04 17:37:55 - PHP Notice:  Undefined index: g-recaptcha-response in /var/www/u0381560/public_html/streetmoda/catalog/controller/captcha/google_captcha.php on line 32
2017-09-05 7:26:34 - PHP Notice:  Undefined index: g-recaptcha-response in /var/www/u0381560/public_html/streetmoda/catalog/controller/captcha/google_captcha.php on line 32
2017-09-05 9:19:36 - PHP Notice:  getimagesize(): Read error! in /var/www/u0381560/public_html/streetmoda/admin/model/tool/image.php on line 32
2017-09-05 9:19:36 - PHP Notice:  getimagesize(): Read error! in /var/www/u0381560/public_html/streetmoda/system/library/image.php on line 14
2017-09-05 9:19:36 - PHP Warning:  imagecopyresampled() expects parameter 2 to be resource, null given in /var/www/u0381560/public_html/streetmoda/system/library/image.php on line 118
2017-09-05 9:19:36 - PHP Warning:  imagedestroy() expects parameter 1 to be resource, null given in /var/www/u0381560/public_html/streetmoda/system/library/image.php on line 119
2017-09-05 9:21:08 - PHP Notice:  getimagesize(): Read error! in /var/www/u0381560/public_html/streetmoda/admin/model/tool/image.php on line 32
2017-09-05 9:21:08 - PHP Notice:  getimagesize(): Read error! in /var/www/u0381560/public_html/streetmoda/system/library/image.php on line 14
2017-09-05 9:21:09 - PHP Warning:  imagecopyresampled() expects parameter 2 to be resource, null given in /var/www/u0381560/public_html/streetmoda/system/library/image.php on line 118
2017-09-05 9:21:09 - PHP Warning:  imagedestroy() expects parameter 1 to be resource, null given in /var/www/u0381560/public_html/streetmoda/system/library/image.php on line 119
2017-09-05 11:30:17 - PHP Notice:  Undefined index: g-recaptcha-response in /var/www/u0381560/public_html/streetmoda/catalog/controller/captcha/google_captcha.php on line 32
2017-09-05 14:55:46 - PHP Notice:  Undefined index: g-recaptcha-response in /var/www/u0381560/public_html/streetmoda/catalog/controller/captcha/google_captcha.php on line 32
